<?xml version="1.0" encoding="UTF-8"?>
<!-- Generated by org.testng.reporters.JUnitXMLReporter -->
<testsuite hostname="DESKTOP-PPOL0UJ" ignored="0" name="chrome" tests="1" failures="0" timestamp="2022-06-16T12:46:43 EDT" time="0.903" errors="0">
  <testcase name="@BeforeMethod setup" time="0.847" classname="com.base.Base">
    <failure type="java.lang.NoSuchMethodError" message="org.apache.commons.io.IOUtils.toString(Ljava/io/InputStream;Ljava/nio/charset/Charset;)Ljava/lang/String;">
      <![CDATA[java.lang.NoSuchMethodError: org.apache.commons.io.IOUtils.toString(Ljava/io/InputStream;Ljava/nio/charset/Charset;)Ljava/lang/String;
at io.github.bonigarcia.wdm.versions.VersionDetector.getProperties(VersionDetector.java:302)
at io.github.bonigarcia.wdm.versions.VersionDetector.getBrowserVersionFromTheShell(VersionDetector.java:202)
at io.github.bonigarcia.wdm.WebDriverManager.getBrowserVersionFromTheShell(WebDriverManager.java:1190)
at io.github.bonigarcia.wdm.WebDriverManager.detectBrowserVersion(WebDriverManager.java:1210)
at io.github.bonigarcia.wdm.WebDriverManager.resolveDriverVersion(WebDriverManager.java:1075)
at io.github.bonigarcia.wdm.WebDriverManager.manage(WebDriverManager.java:1025)
at io.github.bonigarcia.wdm.WebDriverManager.setup(WebDriverManager.java:393)
at com.base.Base.setup(Base.java:79)
at java.util.ArrayList.forEach(ArrayList.java:1259)
... Removed 31 stack frames]]>
    </failure>
  </testcase> <!-- @BeforeMethod setup -->
  <testcase name="@AfterMethod tearDown" time="0.001" classname="com.base.Base">
    <failure type="java.lang.NullPointerException">
      <![CDATA[java.lang.NullPointerException
at com.base.Base.tearDown(Base.java:104)
at java.util.ArrayList.forEach(ArrayList.java:1259)
... Removed 32 stack frames]]>
    </failure>
  </testcase> <!-- @AfterMethod tearDown -->
  <testcase name="validEmailandPwd" time="0.0" classname="com.testCases.JMB_CALogin_001">
    <skipped/>
  </testcase> <!-- validEmailandPwd -->
</testsuite> <!-- chrome -->
