<?xml version="1.0" encoding="UTF-8"?>
<!-- Generated by org.testng.reporters.JUnitXMLReporter -->
<testsuite hostname="DESKTOP-PPOL0UJ" ignored="0" name="Admin login" tests="2" failures="0" timestamp="2022-06-16T09:35:05 EDT" time="0.796" errors="0">
  <testcase name="@BeforeClass setup" time="0.552" classname="com.base.BaseClass">
    <failure type="java.lang.NoSuchMethodError" message="org.apache.commons.io.IOUtils.toString(Ljava/io/InputStream;Ljava/nio/charset/Charset;)Ljava/lang/String;">
      <![CDATA[java.lang.NoSuchMethodError: org.apache.commons.io.IOUtils.toString(Ljava/io/InputStream;Ljava/nio/charset/Charset;)Ljava/lang/String;
at io.github.bonigarcia.wdm.versions.VersionDetector.getProperties(VersionDetector.java:302)
at io.github.bonigarcia.wdm.versions.VersionDetector.getBrowserVersionFromTheShell(VersionDetector.java:202)
at io.github.bonigarcia.wdm.WebDriverManager.getBrowserVersionFromTheShell(WebDriverManager.java:1219)
at io.github.bonigarcia.wdm.WebDriverManager.detectBrowserVersion(WebDriverManager.java:1239)
at io.github.bonigarcia.wdm.WebDriverManager.resolveDriverVersion(WebDriverManager.java:1104)
at io.github.bonigarcia.wdm.WebDriverManager.manage(WebDriverManager.java:1054)
at io.github.bonigarcia.wdm.WebDriverManager.setup(WebDriverManager.java:396)
at io.github.bonigarcia.wdm.WebDriverManager.create(WebDriverManager.java:401)
at com.base.BaseClass.setup(BaseClass.java:62)
at java.util.ArrayList.forEach(ArrayList.java:1259)
... Removed 25 stack frames]]>
    </failure>
  </testcase> <!-- @BeforeClass setup -->
  <testcase name="@AfterClass tearDown" time="-1.655386505195E9" classname="com.base.BaseClass">
    <skipped/>
  </testcase> <!-- @AfterClass tearDown -->
  <testcase name="@BeforeClass setup" time="0.092" classname="com.base.BaseClass">
    <failure type="java.lang.NoSuchMethodError" message="org.apache.commons.io.IOUtils.toString(Ljava/io/InputStream;Ljava/nio/charset/Charset;)Ljava/lang/String;">
      <![CDATA[java.lang.NoSuchMethodError: org.apache.commons.io.IOUtils.toString(Ljava/io/InputStream;Ljava/nio/charset/Charset;)Ljava/lang/String;
at io.github.bonigarcia.wdm.versions.VersionDetector.getProperties(VersionDetector.java:302)
at io.github.bonigarcia.wdm.versions.VersionDetector.getBrowserVersionFromTheShell(VersionDetector.java:202)
at io.github.bonigarcia.wdm.WebDriverManager.getBrowserVersionFromTheShell(WebDriverManager.java:1219)
at io.github.bonigarcia.wdm.WebDriverManager.detectBrowserVersion(WebDriverManager.java:1239)
at io.github.bonigarcia.wdm.WebDriverManager.resolveDriverVersion(WebDriverManager.java:1104)
at io.github.bonigarcia.wdm.WebDriverManager.manage(WebDriverManager.java:1054)
at io.github.bonigarcia.wdm.WebDriverManager.setup(WebDriverManager.java:396)
at io.github.bonigarcia.wdm.WebDriverManager.create(WebDriverManager.java:401)
at com.base.BaseClass.setup(BaseClass.java:62)
at java.util.ArrayList.forEach(ArrayList.java:1259)
... Removed 25 stack frames]]>
    </failure>
  </testcase> <!-- @BeforeClass setup -->
  <testcase name="@AfterClass tearDown" time="-1.655386505293E9" classname="com.base.BaseClass">
    <skipped/>
  </testcase> <!-- @AfterClass tearDown -->
  <testcase name="adminLoginAvailability" time="0.0" classname="com.testCases.JMB_COLogin_009">
    <skipped/>
  </testcase> <!-- adminLoginAvailability -->
  <testcase name="adminValidUserandPwd" time="0.0" classname="com.testCases.JMB_COLogin_010">
    <skipped/>
  </testcase> <!-- adminValidUserandPwd -->
</testsuite> <!-- Admin login -->
