<?xml version="1.0" encoding="UTF-8"?>
<!-- Generated by org.testng.reporters.JUnitXMLReporter -->
<testsuite hostname="DESKTOP-PPOL0UJ" ignored="0" name="Candidate login7" tests="1" failures="1" timestamp="2022-06-06T23:38:10 EDT" time="7.581" errors="0">
  <testcase name="forgotPasswordLink" time="4.478" classname="com.testCases.JMB_CALogin_008">
    <failure type="java.lang.AssertionError" message="The following asserts failed:
	expected [true] but found [false]">
      <![CDATA[java.lang.AssertionError: The following asserts failed:
expected [true] but found [false]
at com.testCases.JMB_CALogin_008.forgotPasswordLink(JMB_CALogin_008.java:104)
at java.util.concurrent.ThreadPoolExecutor.runWorker(ThreadPoolExecutor.java:1149)
at java.util.concurrent.ThreadPoolExecutor$Worker.run(ThreadPoolExecutor.java:624)
at java.lang.Thread.run(Thread.java:748)
... Removed 14 stack frames]]>
    </failure>
  </testcase> <!-- forgotPasswordLink -->
</testsuite> <!-- Candidate login7 -->
