<?xml version="1.0" encoding="UTF-8"?>
<!-- Generated by org.testng.reporters.JUnitXMLReporter -->
<testsuite hostname="DESKTOP-PPOL0UJ" ignored="0" name="Candidate login" tests="8" failures="0" timestamp="2022-06-15T23:20:42 EDT" time="1.841" errors="0">
  <testcase name="@BeforeClass setup" time="0.575" classname="com.base.BaseClass">
    <failure type="java.lang.NoSuchMethodError" message="org.apache.commons.io.IOUtils.toString(Ljava/io/InputStream;Ljava/nio/charset/Charset;)Ljava/lang/String;">
      <![CDATA[java.lang.NoSuchMethodError: org.apache.commons.io.IOUtils.toString(Ljava/io/InputStream;Ljava/nio/charset/Charset;)Ljava/lang/String;
at io.github.bonigarcia.wdm.versions.VersionDetector.getProperties(VersionDetector.java:302)
at io.github.bonigarcia.wdm.versions.VersionDetector.getBrowserVersionFromTheShell(VersionDetector.java:202)
at io.github.bonigarcia.wdm.WebDriverManager.getBrowserVersionFromTheShell(WebDriverManager.java:1219)
at io.github.bonigarcia.wdm.WebDriverManager.detectBrowserVersion(WebDriverManager.java:1239)
at io.github.bonigarcia.wdm.WebDriverManager.resolveDriverVersion(WebDriverManager.java:1104)
at io.github.bonigarcia.wdm.WebDriverManager.manage(WebDriverManager.java:1054)
at io.github.bonigarcia.wdm.WebDriverManager.setup(WebDriverManager.java:396)
at io.github.bonigarcia.wdm.WebDriverManager.create(WebDriverManager.java:401)
at com.base.BaseClass.setup(BaseClass.java:57)
at java.util.ArrayList.forEach(ArrayList.java:1259)
... Removed 25 stack frames]]>
    </failure>
  </testcase> <!-- @BeforeClass setup -->
  <testcase name="@AfterClass tearDown" time="-1.65534964096E9" classname="com.base.BaseClass">
    <skipped/>
  </testcase> <!-- @AfterClass tearDown -->
  <testcase name="@BeforeClass setup" time="0.093" classname="com.base.BaseClass">
    <failure type="java.lang.NoSuchMethodError" message="org.apache.commons.io.IOUtils.toString(Ljava/io/InputStream;Ljava/nio/charset/Charset;)Ljava/lang/String;">
      <![CDATA[java.lang.NoSuchMethodError: org.apache.commons.io.IOUtils.toString(Ljava/io/InputStream;Ljava/nio/charset/Charset;)Ljava/lang/String;
at io.github.bonigarcia.wdm.versions.VersionDetector.getProperties(VersionDetector.java:302)
at io.github.bonigarcia.wdm.versions.VersionDetector.getBrowserVersionFromTheShell(VersionDetector.java:202)
at io.github.bonigarcia.wdm.WebDriverManager.getBrowserVersionFromTheShell(WebDriverManager.java:1219)
at io.github.bonigarcia.wdm.WebDriverManager.detectBrowserVersion(WebDriverManager.java:1239)
at io.github.bonigarcia.wdm.WebDriverManager.resolveDriverVersion(WebDriverManager.java:1104)
at io.github.bonigarcia.wdm.WebDriverManager.manage(WebDriverManager.java:1054)
at io.github.bonigarcia.wdm.WebDriverManager.setup(WebDriverManager.java:396)
at io.github.bonigarcia.wdm.WebDriverManager.create(WebDriverManager.java:401)
at com.base.BaseClass.setup(BaseClass.java:57)
at java.util.ArrayList.forEach(ArrayList.java:1259)
... Removed 25 stack frames]]>
    </failure>
  </testcase> <!-- @BeforeClass setup -->
  <testcase name="@AfterClass tearDown" time="-1.655349641059E9" classname="com.base.BaseClass">
    <skipped/>
  </testcase> <!-- @AfterClass tearDown -->
  <testcase name="@BeforeClass setup" time="0.1" classname="com.base.BaseClass">
    <failure type="java.lang.NoSuchMethodError" message="org.apache.commons.io.IOUtils.toString(Ljava/io/InputStream;Ljava/nio/charset/Charset;)Ljava/lang/String;">
      <![CDATA[java.lang.NoSuchMethodError: org.apache.commons.io.IOUtils.toString(Ljava/io/InputStream;Ljava/nio/charset/Charset;)Ljava/lang/String;
at io.github.bonigarcia.wdm.versions.VersionDetector.getProperties(VersionDetector.java:302)
at io.github.bonigarcia.wdm.versions.VersionDetector.getBrowserVersionFromTheShell(VersionDetector.java:202)
at io.github.bonigarcia.wdm.WebDriverManager.getBrowserVersionFromTheShell(WebDriverManager.java:1219)
at io.github.bonigarcia.wdm.WebDriverManager.detectBrowserVersion(WebDriverManager.java:1239)
at io.github.bonigarcia.wdm.WebDriverManager.resolveDriverVersion(WebDriverManager.java:1104)
at io.github.bonigarcia.wdm.WebDriverManager.manage(WebDriverManager.java:1054)
at io.github.bonigarcia.wdm.WebDriverManager.setup(WebDriverManager.java:396)
at io.github.bonigarcia.wdm.WebDriverManager.create(WebDriverManager.java:401)
at com.base.BaseClass.setup(BaseClass.java:57)
at java.util.ArrayList.forEach(ArrayList.java:1259)
... Removed 25 stack frames]]>
    </failure>
  </testcase> <!-- @BeforeClass setup -->
  <testcase name="@AfterClass tearDown" time="-1.655349641163E9" classname="com.base.BaseClass">
    <skipped/>
  </testcase> <!-- @AfterClass tearDown -->
  <testcase name="@BeforeClass setup" time="0.111" classname="com.base.BaseClass">
    <failure type="java.lang.NoSuchMethodError" message="org.apache.commons.io.IOUtils.toString(Ljava/io/InputStream;Ljava/nio/charset/Charset;)Ljava/lang/String;">
      <![CDATA[java.lang.NoSuchMethodError: org.apache.commons.io.IOUtils.toString(Ljava/io/InputStream;Ljava/nio/charset/Charset;)Ljava/lang/String;
at io.github.bonigarcia.wdm.versions.VersionDetector.getProperties(VersionDetector.java:302)
at io.github.bonigarcia.wdm.versions.VersionDetector.getBrowserVersionFromTheShell(VersionDetector.java:202)
at io.github.bonigarcia.wdm.WebDriverManager.getBrowserVersionFromTheShell(WebDriverManager.java:1219)
at io.github.bonigarcia.wdm.WebDriverManager.detectBrowserVersion(WebDriverManager.java:1239)
at io.github.bonigarcia.wdm.WebDriverManager.resolveDriverVersion(WebDriverManager.java:1104)
at io.github.bonigarcia.wdm.WebDriverManager.manage(WebDriverManager.java:1054)
at io.github.bonigarcia.wdm.WebDriverManager.setup(WebDriverManager.java:396)
at io.github.bonigarcia.wdm.WebDriverManager.create(WebDriverManager.java:401)
at com.base.BaseClass.setup(BaseClass.java:57)
at java.util.ArrayList.forEach(ArrayList.java:1259)
... Removed 25 stack frames]]>
    </failure>
  </testcase> <!-- @BeforeClass setup -->
  <testcase name="@AfterClass tearDown" time="-1.655349641642E9" classname="com.base.BaseClass">
    <skipped/>
  </testcase> <!-- @AfterClass tearDown -->
  <testcase name="@BeforeClass setup" time="0.104" classname="com.base.BaseClass">
    <failure type="java.lang.NoSuchMethodError" message="org.apache.commons.io.IOUtils.toString(Ljava/io/InputStream;Ljava/nio/charset/Charset;)Ljava/lang/String;">
      <![CDATA[java.lang.NoSuchMethodError: org.apache.commons.io.IOUtils.toString(Ljava/io/InputStream;Ljava/nio/charset/Charset;)Ljava/lang/String;
at io.github.bonigarcia.wdm.versions.VersionDetector.getProperties(VersionDetector.java:302)
at io.github.bonigarcia.wdm.versions.VersionDetector.getBrowserVersionFromTheShell(VersionDetector.java:202)
at io.github.bonigarcia.wdm.WebDriverManager.getBrowserVersionFromTheShell(WebDriverManager.java:1219)
at io.github.bonigarcia.wdm.WebDriverManager.detectBrowserVersion(WebDriverManager.java:1239)
at io.github.bonigarcia.wdm.WebDriverManager.resolveDriverVersion(WebDriverManager.java:1104)
at io.github.bonigarcia.wdm.WebDriverManager.manage(WebDriverManager.java:1054)
at io.github.bonigarcia.wdm.WebDriverManager.setup(WebDriverManager.java:396)
at io.github.bonigarcia.wdm.WebDriverManager.create(WebDriverManager.java:401)
at com.base.BaseClass.setup(BaseClass.java:57)
at java.util.ArrayList.forEach(ArrayList.java:1259)
... Removed 25 stack frames]]>
    </failure>
  </testcase> <!-- @BeforeClass setup -->
  <testcase name="@AfterClass tearDown" time="-1.65534964178E9" classname="com.base.BaseClass">
    <skipped/>
  </testcase> <!-- @AfterClass tearDown -->
  <testcase name="@BeforeClass setup" time="0.091" classname="com.base.BaseClass">
    <failure type="java.lang.NoSuchMethodError" message="org.apache.commons.io.IOUtils.toString(Ljava/io/InputStream;Ljava/nio/charset/Charset;)Ljava/lang/String;">
      <![CDATA[java.lang.NoSuchMethodError: org.apache.commons.io.IOUtils.toString(Ljava/io/InputStream;Ljava/nio/charset/Charset;)Ljava/lang/String;
at io.github.bonigarcia.wdm.versions.VersionDetector.getProperties(VersionDetector.java:302)
at io.github.bonigarcia.wdm.versions.VersionDetector.getBrowserVersionFromTheShell(VersionDetector.java:202)
at io.github.bonigarcia.wdm.WebDriverManager.getBrowserVersionFromTheShell(WebDriverManager.java:1219)
at io.github.bonigarcia.wdm.WebDriverManager.detectBrowserVersion(WebDriverManager.java:1239)
at io.github.bonigarcia.wdm.WebDriverManager.resolveDriverVersion(WebDriverManager.java:1104)
at io.github.bonigarcia.wdm.WebDriverManager.manage(WebDriverManager.java:1054)
at io.github.bonigarcia.wdm.WebDriverManager.setup(WebDriverManager.java:396)
at io.github.bonigarcia.wdm.WebDriverManager.create(WebDriverManager.java:401)
at com.base.BaseClass.setup(BaseClass.java:57)
at java.util.ArrayList.forEach(ArrayList.java:1259)
... Removed 25 stack frames]]>
    </failure>
  </testcase> <!-- @BeforeClass setup -->
  <testcase name="@AfterClass tearDown" time="-1.655349641897E9" classname="com.base.BaseClass">
    <skipped/>
  </testcase> <!-- @AfterClass tearDown -->
  <testcase name="@BeforeClass setup" time="0.092" classname="com.base.BaseClass">
    <failure type="java.lang.NoSuchMethodError" message="org.apache.commons.io.IOUtils.toString(Ljava/io/InputStream;Ljava/nio/charset/Charset;)Ljava/lang/String;">
      <![CDATA[java.lang.NoSuchMethodError: org.apache.commons.io.IOUtils.toString(Ljava/io/InputStream;Ljava/nio/charset/Charset;)Ljava/lang/String;
at io.github.bonigarcia.wdm.versions.VersionDetector.getProperties(VersionDetector.java:302)
at io.github.bonigarcia.wdm.versions.VersionDetector.getBrowserVersionFromTheShell(VersionDetector.java:202)
at io.github.bonigarcia.wdm.WebDriverManager.getBrowserVersionFromTheShell(WebDriverManager.java:1219)
at io.github.bonigarcia.wdm.WebDriverManager.detectBrowserVersion(WebDriverManager.java:1239)
at io.github.bonigarcia.wdm.WebDriverManager.resolveDriverVersion(WebDriverManager.java:1104)
at io.github.bonigarcia.wdm.WebDriverManager.manage(WebDriverManager.java:1054)
at io.github.bonigarcia.wdm.WebDriverManager.setup(WebDriverManager.java:396)
at io.github.bonigarcia.wdm.WebDriverManager.create(WebDriverManager.java:401)
at com.base.BaseClass.setup(BaseClass.java:57)
at java.util.ArrayList.forEach(ArrayList.java:1259)
... Removed 25 stack frames]]>
    </failure>
  </testcase> <!-- @BeforeClass setup -->
  <testcase name="@AfterClass tearDown" time="-1.655349641994E9" classname="com.base.BaseClass">
    <skipped/>
  </testcase> <!-- @AfterClass tearDown -->
  <testcase name="@BeforeClass setup" time="0.09" classname="com.base.BaseClass">
    <failure type="java.lang.NoSuchMethodError" message="org.apache.commons.io.IOUtils.toString(Ljava/io/InputStream;Ljava/nio/charset/Charset;)Ljava/lang/String;">
      <![CDATA[java.lang.NoSuchMethodError: org.apache.commons.io.IOUtils.toString(Ljava/io/InputStream;Ljava/nio/charset/Charset;)Ljava/lang/String;
at io.github.bonigarcia.wdm.versions.VersionDetector.getProperties(VersionDetector.java:302)
at io.github.bonigarcia.wdm.versions.VersionDetector.getBrowserVersionFromTheShell(VersionDetector.java:202)
at io.github.bonigarcia.wdm.WebDriverManager.getBrowserVersionFromTheShell(WebDriverManager.java:1219)
at io.github.bonigarcia.wdm.WebDriverManager.detectBrowserVersion(WebDriverManager.java:1239)
at io.github.bonigarcia.wdm.WebDriverManager.resolveDriverVersion(WebDriverManager.java:1104)
at io.github.bonigarcia.wdm.WebDriverManager.manage(WebDriverManager.java:1054)
at io.github.bonigarcia.wdm.WebDriverManager.setup(WebDriverManager.java:396)
at io.github.bonigarcia.wdm.WebDriverManager.create(WebDriverManager.java:401)
at com.base.BaseClass.setup(BaseClass.java:57)
at java.util.ArrayList.forEach(ArrayList.java:1259)
... Removed 25 stack frames]]>
    </failure>
  </testcase> <!-- @BeforeClass setup -->
  <testcase name="@AfterClass tearDown" time="-1.655349642088E9" classname="com.base.BaseClass">
    <skipped/>
  </testcase> <!-- @AfterClass tearDown -->
  <testcase name="validEmailandPwd" time="0.0" classname="com.testCases.JMB_CALogin_001">
    <skipped/>
  </testcase> <!-- validEmailandPwd -->
  <testcase name="emailBlank" time="0.0" classname="com.testCases.JMB_CALogin_002">
    <skipped/>
  </testcase> <!-- emailBlank -->
  <testcase name="pwdBlank" time="0.0" classname="com.testCases.JMB_CALogin_003">
    <skipped/>
  </testcase> <!-- pwdBlank -->
  <testcase name="invalidPassword" time="0.0" classname="com.testCases.JMB_CALogin_004">
    <skipped/>
  </testcase> <!-- invalidPassword -->
  <testcase name="invalidEmail" time="0.0" classname="com.testCases.JMB_CALogin_005">
    <skipped/>
  </testcase> <!-- invalidEmail -->
  <testcase name="invalidEmailInvPassword" time="0.0" classname="com.testCases.JMB_CALogin_006">
    <skipped/>
  </testcase> <!-- invalidEmailInvPassword -->
  <testcase name="candidateSignUpLink" time="0.0" classname="com.testCases.JMB_CALogin_007">
    <skipped/>
  </testcase> <!-- candidateSignUpLink -->
  <testcase name="forgotPasswordLink" time="0.0" classname="com.testCases.JMB_CALogin_008">
    <skipped/>
  </testcase> <!-- forgotPasswordLink -->
</testsuite> <!-- Candidate login -->
